{
  "RSpec": {
    "coverage": {
      "/home/axel/github/courseTaskTracker/courseTaskTracker/app/helpers/application_helper.rb": [
        1,
        null
      ],
      "/home/axel/github/courseTaskTracker/courseTaskTracker/app/helpers/attendances_helper.rb": [
        1,
        null
      ],
      "/home/axel/github/courseTaskTracker/courseTaskTracker/app/helpers/courses_helper.rb": [
        1,
        null
      ],
      "/home/axel/github/courseTaskTracker/courseTaskTracker/app/helpers/task_sets_helper.rb": [
        1,
        null
      ],
      "/home/axel/github/courseTaskTracker/courseTaskTracker/app/helpers/task_submissions_helper.rb": [
        1,
        null
      ],
      "/home/axel/github/courseTaskTracker/courseTaskTracker/app/helpers/tasks_helper.rb": [
        1,
        null
      ],
      "/home/axel/github/courseTaskTracker/courseTaskTracker/app/helpers/users_helper.rb": [
        1,
        null
      ],
      "/home/axel/github/courseTaskTracker/courseTaskTracker/app/models/user.rb": [
        1,
        1,
        1,
        1,
        1,
        1,
        null
      ],
      "/home/axel/github/courseTaskTracker/courseTaskTracker/app/models/course.rb": [
        1,
        1,
        1,
        null
      ],
      "/home/axel/github/courseTaskTracker/courseTaskTracker/app/controllers/sessions_controller.rb": [
        1,
        1,
        null,
        null,
        null,
        1,
        3,
        3,
        3,
        3,
        null,
        0,
        null,
        null,
        null,
        1,
        null,
        0,
        null,
        0,
        null,
        null
      ],
      "/home/axel/github/courseTaskTracker/courseTaskTracker/app/controllers/application_controller.rb": [
        1,
        null,
        null,
        1,
        null,
        1,
        null,
        1,
        43,
        40,
        null,
        null
      ],
      "/home/axel/github/courseTaskTracker/courseTaskTracker/app/controllers/users_controller.rb": [
        1,
        1,
        null,
        null,
        null,
        1,
        0,
        null,
        null,
        null,
        null,
        1,
        null,
        null,
        null,
        1,
        0,
        null,
        null,
        null,
        1,
        null,
        null,
        null,
        null,
        1,
        0,
        null,
        0,
        0,
        0,
        0,
        null,
        0,
        0,
        null,
        null,
        null,
        null,
        null,
        null,
        1,
        0,
        0,
        0,
        0,
        null,
        0,
        0,
        null,
        null,
        null,
        null,
        null,
        null,
        1,
        0,
        0,
        0,
        0,
        null,
        null,
        null,
        1,
        null,
        1,
        3,
        null,
        null,
        null,
        1,
        0,
        null,
        null
      ],
      "/home/axel/github/courseTaskTracker/courseTaskTracker/app/models/attendance.rb": [
        1,
        1,
        1,
        null
      ],
      "/home/axel/github/courseTaskTracker/courseTaskTracker/app/controllers/courses_controller.rb": [
        1,
        1,
        null,
        null,
        null,
        1,
        0,
        null,
        null,
        null,
        null,
        1,
        4,
        2,
        null,
        2,
        2,
        null,
        null,
        null,
        null,
        1,
        0,
        null,
        null,
        null,
        1,
        null,
        null,
        null,
        null,
        1,
        0,
        null,
        0,
        0,
        0,
        0,
        null,
        0,
        0,
        null,
        null,
        null,
        null,
        null,
        null,
        1,
        0,
        0,
        0,
        0,
        null,
        0,
        0,
        null,
        null,
        null,
        null,
        null,
        null,
        1,
        0,
        0,
        0,
        0,
        null,
        null,
        null,
        1,
        null,
        1,
        4,
        null,
        null,
        null,
        1,
        0,
        null,
        null
      ],
      "/home/axel/github/courseTaskTracker/courseTaskTracker/app/controllers/attendances_controller.rb": [
        1,
        1,
        null,
        null,
        null,
        1,
        0,
        null,
        null,
        null,
        null,
        1,
        null,
        null,
        null,
        1,
        0,
        null,
        null,
        null,
        1,
        null,
        null,
        null,
        null,
        1,
        1,
        1,
        1,
        1,
        2,
        1,
        null,
        0,
        0,
        null,
        null,
        null,
        null,
        null,
        null,
        1,
        0,
        0,
        0,
        0,
        null,
        0,
        0,
        null,
        null,
        null,
        null,
        null,
        null,
        1,
        1,
        1,
        2,
        1,
        null,
        null,
        null,
        1,
        null,
        1,
        1,
        null,
        null,
        null,
        1,
        1,
        null,
        null
      ]
    },
    "timestamp": 1427645174
  }
}
