{
  "RSpec": {
    "coverage": {
      "/home/axel/github/courseTaskTracker/app/helpers/application_helper.rb": [
        1,
        null
      ],
      "/home/axel/github/courseTaskTracker/app/helpers/attendances_helper.rb": [
        1,
        null
      ],
      "/home/axel/github/courseTaskTracker/app/helpers/courses_helper.rb": [
        1,
        null
      ],
      "/home/axel/github/courseTaskTracker/app/helpers/task_sets_helper.rb": [
        1,
        null
      ],
      "/home/axel/github/courseTaskTracker/app/helpers/task_submissions_helper.rb": [
        1,
        null
      ],
      "/home/axel/github/courseTaskTracker/app/helpers/tasks_helper.rb": [
        1,
        null
      ],
      "/home/axel/github/courseTaskTracker/app/helpers/users_helper.rb": [
        1,
        null
      ],
      "/home/axel/github/courseTaskTracker/app/models/user.rb": [
        1,
        1,
        1,
        1,
        1,
        1,
        1,
        null
      ],
      "/home/axel/github/courseTaskTracker/app/models/course.rb": [
        1,
        1,
        1,
        1,
        null
      ],
      "/home/axel/github/courseTaskTracker/app/controllers/sessions_controller.rb": [
        1,
        1,
        null,
        null,
        null,
        1,
        4,
        4,
        4,
        4,
        null,
        0,
        null,
        null,
        null,
        1,
        null,
        0,
        null,
        0,
        null,
        null
      ],
      "/home/axel/github/courseTaskTracker/app/controllers/application_controller.rb": [
        1,
        null,
        null,
        1,
        null,
        1,
        null,
        1,
        80,
        76,
        null,
        null
      ],
      "/home/axel/github/courseTaskTracker/app/controllers/dashboard_controller.rb": [
        1,
        null,
        1,
        1,
        1,
        1,
        1,
        0,
        0,
        null,
        1,
        null,
        null,
        1,
        null,
        null,
        1,
        6,
        6,
        null,
        0,
        null,
        null,
        null
      ],
      "/home/axel/github/courseTaskTracker/app/models/attendance.rb": [
        1,
        1,
        1,
        null
      ],
      "/home/axel/github/courseTaskTracker/app/models/task_set.rb": [
        1,
        1,
        1,
        1,
        1,
        null,
        1,
        0,
        0,
        0,
        0,
        null,
        null,
        null
      ],
      "/home/axel/github/courseTaskTracker/app/controllers/courses_controller.rb": [
        1,
        1,
        null,
        null,
        null,
        1,
        0,
        null,
        null,
        null,
        null,
        1,
        4,
        2,
        null,
        2,
        2,
        null,
        null,
        null,
        null,
        1,
        0,
        null,
        null,
        null,
        1,
        null,
        null,
        null,
        null,
        1,
        0,
        null,
        0,
        0,
        0,
        0,
        null,
        0,
        0,
        null,
        null,
        null,
        null,
        null,
        null,
        1,
        0,
        0,
        0,
        0,
        null,
        0,
        0,
        null,
        null,
        null,
        null,
        null,
        null,
        1,
        0,
        0,
        0,
        0,
        null,
        null,
        null,
        1,
        null,
        1,
        4,
        null,
        null,
        null,
        1,
        0,
        null,
        null
      ],
      "/home/axel/github/courseTaskTracker/app/controllers/attendances_controller.rb": [
        1,
        1,
        null,
        null,
        null,
        1,
        0,
        null,
        null,
        null,
        null,
        1,
        null,
        null,
        null,
        1,
        0,
        null,
        null,
        null,
        1,
        null,
        null,
        null,
        null,
        1,
        1,
        1,
        1,
        1,
        2,
        1,
        null,
        0,
        0,
        null,
        null,
        null,
        null,
        null,
        null,
        1,
        0,
        0,
        0,
        0,
        null,
        0,
        0,
        null,
        null,
        null,
        null,
        null,
        null,
        1,
        1,
        1,
        2,
        1,
        null,
        null,
        null,
        1,
        null,
        1,
        1,
        null,
        null,
        null,
        1,
        1,
        null,
        null
      ],
      "/home/axel/github/courseTaskTracker/app/models/task.rb": [
        1,
        1,
        1,
        1,
        1,
        null,
        1,
        6,
        6,
        4,
        null,
        2,
        null,
        null,
        1,
        5,
        5,
        3,
        null,
        2,
        null,
        null,
        null
      ],
      "/home/axel/github/courseTaskTracker/app/models/task_submission.rb": [
        1,
        1,
        1,
        null
      ]
    },
    "timestamp": 1429826930
  }
}
